2025-09-04 11:29:47,645 - INFO - Starting OLB Simulation with YAFS Framework
2025-09-04 11:29:47,646 - INFO - Creating digital twin environment...
2025-09-04 15:17:47,458 - INFO - Starting OLB Simulation with YAFS Framework
2025-09-04 15:17:47,458 - INFO - Creating digital twin environment...
2025-09-04 15:27:26,435 - INFO - Starting OLB Simulation with YAFS Framework
2025-09-04 15:27:26,435 - INFO - Creating digital twin environment...
2025-09-04 15:27:37,980 - INFO - Starting OLB Simulation with YAFS Framework
2025-09-04 15:27:37,980 - INFO - Creating digital twin environment...
2025-09-04 15:32:35,082 - INFO - Starting OLB Simulation with YAFS Framework
2025-09-04 15:32:35,083 - INFO - Creating digital twin environment...
2025-09-04 15:32:35,084 - INFO - Setting up YAFS application and topology...
2025-09-04 15:33:11,627 - INFO - Starting OLB Simulation with YAFS Framework
2025-09-04 15:33:11,627 - INFO - Creating digital twin environment...
2025-09-04 15:33:11,627 - INFO - Setting up YAFS application and topology...
2025-09-04 15:33:11,628 - INFO - Creating placement configuration...
2025-09-04 15:34:27,180 - INFO - Starting OLB Simulation with YAFS Framework
2025-09-04 15:34:27,181 - INFO - Creating digital twin environment...
2025-09-04 15:34:27,181 - INFO - Setting up YAFS application and topology...
2025-09-04 15:34:27,182 - INFO - Creating placement configuration...
2025-09-04 15:34:27,182 - INFO - Initializing OLB placement algorithm...
2025-09-04 15:37:28,731 - INFO - Starting OLB Simulation with YAFS Framework
2025-09-04 15:37:28,732 - INFO - Creating digital twin environment...
2025-09-04 15:37:28,736 - INFO - Setting up YAFS application and topology...
2025-09-04 15:37:28,743 - INFO - Creating placement configuration...
2025-09-04 15:37:28,744 - INFO - Initializing OLB placement algorithm...
2025-09-04 15:38:26,187 - INFO - Starting OLB Simulation with YAFS Framework
2025-09-04 15:38:26,187 - INFO - Creating digital twin environment...
2025-09-04 15:38:26,187 - INFO - Setting up YAFS application and topology...
2025-09-04 15:38:26,188 - INFO - Creating placement configuration...
2025-09-04 15:38:26,188 - INFO - Initializing OLB placement algorithm...
2025-09-04 15:38:26,189 - INFO - Starting YAFS simulation...
2025-09-04 15:38:26,190 - ERROR - Simulation failed: 'str' object has no attribute 'name'
2025-09-04 15:38:26,190 - ERROR - Full traceback:
Traceback (most recent call last):
  File "l:/OLB/main.py", line 77, in main
    s.deploy_app(app, placement_json, olb_placement)
  File "C:\Users\Anurup R Krishnan\.conda\envs\edge\lib\site-packages\yafs\core.py", line 912, in deploy_app
    if not placement.name in self.placement_policy.keys():  # First Time
AttributeError: 'str' object has no attribute 'name'
2025-09-07 15:23:28,709 - INFO - Starting OLB Simulation with YAFS Framework
2025-09-07 15:23:28,709 - INFO - Creating digital twin environment...
2025-09-07 15:23:28,710 - INFO - Setting up YAFS application and topology...
2025-09-07 15:23:28,710 - INFO - Creating placement configuration...
2025-09-07 15:23:28,711 - INFO - Initializing OLB placement algorithm...
2025-09-07 15:23:28,711 - INFO - Starting YAFS simulation...
2025-09-07 15:23:28,712 - ERROR - Simulation failed: 'str' object has no attribute 'name'
2025-09-07 15:23:28,712 - ERROR - Full traceback:
Traceback (most recent call last):
  File "l:/OLB/main.py", line 77, in main
    s.deploy_app(app, placement_json, olb_placement)
  File "C:\Users\Anurup R Krishnan\.conda\envs\edge\lib\site-packages\yafs\core.py", line 912, in deploy_app
    if not placement.name in self.placement_policy.keys():  # First Time
AttributeError: 'str' object has no attribute 'name'
2025-09-07 15:24:36,285 - INFO - Starting OLB Simulation with YAFS Framework
2025-09-07 15:24:36,285 - INFO - Creating digital twin environment...
2025-09-07 15:24:36,286 - INFO - Setting up YAFS application and topology...
2025-09-07 15:24:36,286 - INFO - Creating placement configuration...
2025-09-07 15:24:36,287 - INFO - Initializing OLB placement algorithm...
2025-09-07 15:24:36,287 - INFO - Starting YAFS simulation...
2025-09-07 15:24:36,288 - ERROR - Simulation failed: 'str' object has no attribute 'name'
2025-09-07 15:24:36,288 - ERROR - Full traceback:
Traceback (most recent call last):
  File "l:/OLB/main.py", line 77, in main
    s.deploy_app(app, placement_json, olb_placement)
  File "C:\Users\Anurup R Krishnan\.conda\envs\edge\lib\site-packages\yafs\core.py", line 912, in deploy_app
    if not placement.name in self.placement_policy.keys():  # First Time
AttributeError: 'str' object has no attribute 'name'
2025-09-07 15:28:13,957 - INFO - Starting OLB Simulation with YAFS Framework
2025-09-07 15:28:13,957 - INFO - Creating digital twin environment...
2025-09-07 15:28:13,957 - INFO - Setting up YAFS application and topology...
2025-09-07 15:28:13,957 - INFO - Creating placement configuration...
2025-09-07 15:28:13,959 - INFO - Initializing OLB placement algorithm...
2025-09-07 15:28:13,960 - INFO - Starting YAFS simulation...
2025-09-07 15:28:13,960 - ERROR - Simulation failed: deploy_app() missing 1 required positional argument: 'selector'
2025-09-07 15:28:13,960 - ERROR - Full traceback:
Traceback (most recent call last):
  File "l:/OLB/main.py", line 78, in main
    s.deploy_app(app, olb_placement)
TypeError: deploy_app() missing 1 required positional argument: 'selector'
2025-09-07 15:29:09,649 - INFO - Starting OLB Simulation with YAFS Framework
2025-09-07 15:29:09,649 - INFO - Creating digital twin environment...
2025-09-07 15:29:09,649 - INFO - Setting up YAFS application and topology...
2025-09-07 15:29:09,650 - INFO - Creating placement configuration...
2025-09-07 15:29:09,650 - INFO - Initializing OLB placement algorithm...
2025-09-07 15:29:09,652 - INFO - Starting YAFS simulation...
2025-09-07 15:29:09,664 - INFO - Collecting simulation results...
2025-09-07 15:29:09,664 - ERROR - Simulation failed: 'OLBPlacement' object has no attribute 'get_latency_results'
2025-09-07 15:29:09,664 - ERROR - Full traceback:
Traceback (most recent call last):
  File "l:/OLB/main.py", line 94, in main
    latency_results = olb_placement.get_latency_results()
AttributeError: 'OLBPlacement' object has no attribute 'get_latency_results'
2025-09-07 15:30:54,736 - INFO - Starting OLB Simulation with YAFS Framework
2025-09-07 15:30:54,736 - INFO - Creating digital twin environment...
2025-09-07 15:30:54,736 - INFO - Setting up YAFS application and topology...
2025-09-07 15:30:54,737 - INFO - Creating placement configuration...
2025-09-07 15:30:54,737 - INFO - Initializing OLB placement algorithm...
2025-09-07 15:30:54,737 - INFO - Starting YAFS simulation...
2025-09-07 15:30:54,746 - INFO - Collecting simulation results...
2025-09-07 15:30:54,747 - ERROR - Simulation failed: 'PerformanceMetrics' object has no attribute 'add_latency_data'
2025-09-07 15:30:54,747 - ERROR - Full traceback:
Traceback (most recent call last):
  File "l:/OLB/main.py", line 115, in main
    metrics.add_latency_data(latency_data)
AttributeError: 'PerformanceMetrics' object has no attribute 'add_latency_data'
2025-09-07 15:31:35,312 - INFO - Starting OLB Simulation with YAFS Framework
2025-09-07 15:31:35,312 - INFO - Creating digital twin environment...
2025-09-07 15:31:35,312 - INFO - Setting up YAFS application and topology...
2025-09-07 15:31:35,313 - INFO - Creating placement configuration...
2025-09-07 15:31:35,313 - INFO - Initializing OLB placement algorithm...
2025-09-07 15:31:35,313 - INFO - Starting YAFS simulation...
2025-09-07 15:31:35,322 - INFO - Collecting simulation results...
2025-09-07 15:31:35,324 - ERROR - Simulation failed: 'SensorDevice' object has no attribute 'x'
2025-09-07 15:31:35,324 - ERROR - Full traceback:
Traceback (most recent call last):
  File "l:/OLB/main.py", line 106, in main
    'sensor_coordinates': [(s.x, s.y) for s in environment.sensors],
  File "l:/OLB/main.py", line 106, in <listcomp>
    'sensor_coordinates': [(s.x, s.y) for s in environment.sensors],
AttributeError: 'SensorDevice' object has no attribute 'x'
2025-09-07 15:31:56,378 - INFO - Starting OLB Simulation with YAFS Framework
2025-09-07 15:31:56,378 - INFO - Creating digital twin environment...
2025-09-07 15:31:56,379 - INFO - Setting up YAFS application and topology...
2025-09-07 15:31:56,379 - INFO - Creating placement configuration...
2025-09-07 15:31:56,380 - INFO - Initializing OLB placement algorithm...
2025-09-07 15:31:56,380 - INFO - Starting YAFS simulation...
2025-09-07 15:31:56,388 - INFO - Collecting simulation results...
2025-09-07 15:31:56,389 - ERROR - Simulation failed: save_results() missing 1 required positional argument: 'output_file'
2025-09-07 15:31:56,389 - ERROR - Full traceback:
Traceback (most recent call last):
  File "l:/OLB/main.py", line 118, in main
    save_results(results, f"olb_simulation_results_{timestamp}.json")
TypeError: save_results() missing 1 required positional argument: 'output_file'
2025-09-07 15:32:58,040 - INFO - Starting OLB Simulation with YAFS Framework
2025-09-07 15:32:58,040 - INFO - Creating digital twin environment...
2025-09-07 15:32:58,040 - INFO - Setting up YAFS application and topology...
2025-09-07 15:32:58,041 - INFO - Creating placement configuration...
2025-09-07 15:32:58,042 - INFO - Initializing OLB placement algorithm...
2025-09-07 15:32:58,043 - INFO - Starting YAFS simulation...
2025-09-07 15:32:58,051 - INFO - Collecting simulation results...
2025-09-07 15:32:58,053 - INFO - Simulation completed successfully!
2025-09-07 15:32:58,053 - INFO - Results saved with timestamp: 20250907_153258
